INFO:  latexindent version 3.15, 2022-01-21, a script to indent .tex files
       latexindent lives here: /usr/share/texlive/texmf-dist/scripts/latexindent/
       Fri May 23 20:14:38 2025
       Filename: /media/star/New Volume/File/Thesis_Backup/Master_Thesis/Latex_Report/samples_en/intro.tex
INFO:  Processing switches:
INFO:  Directory for backup files and indent.log: /media/star/New Volume/File/Thesis_Backup/Master_Thesis/Latex_Report/samples_en
INFO:  YAML settings read: defaultSettings.yaml
       Reading defaultSettings.yaml from /usr/share/texlive/texmf-dist/scripts/latexindent/defaultSettings.yaml
INFO:  YAML settings read: indentconfig.yaml or .indentconfig.yaml
       Home directory is /home/star (didn't find either indentconfig.yaml or .indentconfig.yaml)
       To specify user settings you would put indentconfig.yaml here: /home/star/indentconfig.yaml
       Alternatively, you can use the hidden file .indentconfig.yaml as: /home/star/.indentconfig.yaml
INFO:  Phase 1: searching for objects
INFO:  Phase 2: finding surrounding indentation
INFO:  Phase 3: indenting objects
INFO:  Phase 4: final indentation check
INFO:  Output routine:
       Not outputting to file; see -w and -o switches for more options.
       --------------
INFO:  Please direct all communication/issues to:
        https://github.com/cmhughes/latexindent.pl
